# JRE version: OpenJDK Runtime Environment Temurin-21.0.11+10 (21.0.11+10) (build 21.0.11+10-LTS)
# Java VM: OpenJDK 64-Bit Server VM Temurin-21.0.11+10 (21.0.11+10-LTS, mixed mode, sharing, tiered, compressed oops, compressed class ptrs, parallel gc, windows-amd64)
GC Precious Log:
 CardTable entry size: 512
 CPUs: 4 total, 4 available
 Memory: 12067M
 Large Page Support: Disabled
 NUMA Support: Disabled
 Compressed Oops: Enabled (32-bit)
 Alignments: Space 512K, Generation 512K, Heap 2M
 Heap Min Capacity: 100M
 Heap Initial Capacity: 100M
 Heap Max Capacity: 2G
 Pre-touch: Disabled
 Parallel Workers: 4
Heap:
 PSYoungGen      total 3072K, used 1722K [0x00000000d5580000, 0x00000000d5980000, 0x0000000100000000)
  eden space 2560K, 47% used [0x00000000d5580000,0x00000000d56b3200,0x00000000d5800000)
  from space 512K, 96% used [0x00000000d5900000,0x00000000d597b970,0x00000000d5980000)
  to   space 512K, 0% used [0x00000000d5880000,0x00000000d5880000,0x00000000d5900000)
 ParOldGen       total 816640K, used 501225K [0x0000000080000000, 0x00000000b1d80000, 0x00000000d5580000)
  object space 816640K, 61% used [0x0000000080000000,0x000000009e97a540,0x00000000b1d80000)
 Metaspace       used 92191K, committed 93952K, reserved 1179648K
  class space    used 9452K, committed 10240K, reserved 1048576K
GC Heap History (20 events):
Event: 2614.350 GC heap before
{Heap before GC invocations=2974 (full 5):
 PSYoungGen      total 3584K, used 3167K [0x00000000d5580000, 0x00000000d5a00000, 0x0000000100000000)
  eden space 2560K, 99% used [0x00000000d5580000,0x00000000d57ffff0,0x00000000d5800000)
  from space 1024K, 59% used [0x00000000d5900000,0x00000000d5998000,0x00000000d5a00000)
  to   space 1024K, 0% used [0x00000000d5800000,0x00000000d5800000,0x00000000d5900000)
 ParOldGen       total 816640K, used 498185K [0x0000000080000000, 0x00000000b1d80000, 0x00000000d5580000)
  object space 816640K, 61% used [0x0000000080000000,0x000000009e682640,0x00000000b1d80000)
 Metaspace       used 89430K, committed 91200K, reserved 1179648K
  class space    used 9088K, committed 9920K, reserved 1048576K
}
Event: 2614.356 GC heap after
{Heap after GC invocations=2974 (full 5):
 PSYoungGen      total 3584K, used 384K [0x00000000d5580000, 0x00000000d5980000, 0x0000000100000000)
  eden space 2560K, 0% used [0x00000000d5580000,0x00000000d5580000,0x00000000d5800000)
  from space 1024K, 37% used [0x00000000d5800000,0x00000000d5860000,0x00000000d5900000)
  to   space 512K, 0% used [0x00000000d5900000,0x00000000d5900000,0x00000000d5980000)
 ParOldGen       total 816640K, used 498713K [0x0000000080000000, 0x00000000b1d80000, 0x00000000d5580000)
  object space 816640K, 61% used [0x0000000080000000,0x000000009e706640,0x00000000b1d80000)
 Metaspace       used 89430K, committed 91200K, reserved 1179648K
  class space    used 9088K, committed 9920K, reserved 1048576K
}
Event: 2614.463 GC heap before
{Heap before GC invocations=2975 (full 5):
 PSYoungGen      total 3584K, used 2944K [0x00000000d5580000, 0x00000000d5980000, 0x0000000100000000)
  eden space 2560K, 100% used [0x00000000d5580000,0x00000000d5800000,0x00000000d5800000)
  from space 1024K, 37% used [0x00000000d5800000,0x00000000d5860000,0x00000000d5900000)
  to   space 512K, 0% used [0x00000000d5900000,0x00000000d5900000,0x00000000d5980000)
 ParOldGen       total 816640K, used 498713K [0x0000000080000000, 0x00000000b1d80000, 0x00000000d5580000)
  object space 816640K, 61% used [0x0000000080000000,0x000000009e706640,0x00000000b1d80000)
 Metaspace       used 89737K, committed 91520K, reserved 1179648K
  class space    used 9122K, committed 9920K, reserved 1048576K
}
Event: 2614.466 GC heap after
{Heap after GC invocations=2975 (full 5):
 PSYoungGen      total 3072K, used 224K [0x00000000d5580000, 0x00000000d5980000, 0x0000000100000000)
  eden space 2560K, 0% used [0x00000000d5580000,0x00000000d5580000,0x00000000d5800000)
  from space 512K, 43% used [0x00000000d5900000,0x00000000d5938000,0x00000000d5980000)
  to   space 512K, 0% used [0x00000000d5880000,0x00000000d5880000,0x00000000d5900000)
 ParOldGen       total 816640K, used 499025K [0x0000000080000000, 0x00000000b1d80000, 0x00000000d5580000)
  object space 816640K, 61% used [0x0000000080000000,0x000000009e754640,0x00000000b1d80000)
 Metaspace       used 89737K, committed 91520K, reserved 1179648K
  class space    used 9122K, committed 9920K, reserved 1048576K
}
Event: 2614.474 GC heap before
{Heap before GC invocations=2976 (full 5):
 PSYoungGen      total 3072K, used 2784K [0x00000000d5580000, 0x00000000d5980000, 0x0000000100000000)
  eden space 2560K, 100% used [0x00000000d5580000,0x00000000d5800000,0x00000000d5800000)
  from space 512K, 43% used [0x00000000d5900000,0x00000000d5938000,0x00000000d5980000)
  to   space 512K, 0% used [0x00000000d5880000,0x00000000d5880000,0x00000000d5900000)
 ParOldGen       total 816640K, used 499025K [0x0000000080000000, 0x00000000b1d80000, 0x00000000d5580000)
  object space 816640K, 61% used [0x0000000080000000,0x000000009e754640,0x00000000b1d80000)
 Metaspace       used 89841K, committed 91584K, reserved 1179648K
  class space    used 9136K, committed 9920K, reserved 1048576K
}
Event: 2614.476 GC heap after
{Heap after GC invocations=2976 (full 5):
 PSYoungGen      total 3072K, used 368K [0x00000000d5580000, 0x00000000d5980000, 0x0000000100000000)
  eden space 2560K, 0% used [0x00000000d5580000,0x00000000d5580000,0x00000000d5800000)
  from space 512K, 71% used [0x00000000d5880000,0x00000000d58dc010,0x00000000d5900000)
  to   space 512K, 0% used [0x00000000d5900000,0x00000000d5900000,0x00000000d5980000)
 ParOldGen       total 816640K, used 499073K [0x0000000080000000, 0x00000000b1d80000, 0x00000000d5580000)
  object space 816640K, 61% used [0x0000000080000000,0x000000009e760640,0x00000000b1d80000)
 Metaspace       used 89841K, committed 91584K, reserved 1179648K
  class space    used 9136K, committed 9920K, reserved 1048576K
}
Event: 2614.577 GC heap before
{Heap before GC invocations=2977 (full 5):
 PSYoungGen      total 3072K, used 2928K [0x00000000d5580000, 0x00000000d5980000, 0x0000000100000000)
  eden space 2560K, 100% used [0x00000000d5580000,0x00000000d5800000,0x00000000d5800000)
  from space 512K, 71% used [0x00000000d5880000,0x00000000d58dc010,0x00000000d5900000)
  to   space 512K, 0% used [0x00000000d5900000,0x00000000d5900000,0x00000000d5980000)
 ParOldGen       total 816640K, used 499073K [0x0000000080000000, 0x00000000b1d80000, 0x00000000d5580000)
  object space 816640K, 61% used [0x0000000080000000,0x000000009e760640,0x00000000b1d80000)
 Metaspace       used 89917K, committed 91776K, reserved 1179648K
  class space    used 9147K, committed 9984K, reserved 1048576K
}
Event: 2614.580 GC heap after
{Heap after GC invocations=2977 (full 5):
 PSYoungGen      total 3072K, used 160K [0x00000000d5580000, 0x00000000d5980000, 0x0000000100000000)
  eden space 2560K, 0% used [0x00000000d5580000,0x00000000d5580000,0x00000000d5800000)
  from space 512K, 31% used [0x00000000d5900000,0x00000000d5928000,0x00000000d5980000)
  to   space 512K, 0% used [0x00000000d5880000,0x00000000d5880000,0x00000000d5900000)
 ParOldGen       total 816640K, used 499105K [0x0000000080000000, 0x00000000b1d80000, 0x00000000d5580000)
  object space 816640K, 61% used [0x0000000080000000,0x000000009e768640,0x00000000b1d80000)
 Metaspace       used 89917K, committed 91776K, reserved 1179648K
  class space    used 9147K, committed 9984K, reserved 1048576K
}
Event: 2614.873 GC heap before
{Heap before GC invocations=2978 (full 5):
 PSYoungGen      total 3072K, used 2663K [0x00000000d5580000, 0x00000000d5980000, 0x0000000100000000)
  eden space 2560K, 97% used [0x00000000d5580000,0x00000000d57f1d20,0x00000000d5800000)
  from space 512K, 31% used [0x00000000d5900000,0x00000000d5928000,0x00000000d5980000)
  to   space 512K, 0% used [0x00000000d5880000,0x00000000d5880000,0x00000000d5900000)
 ParOldGen       total 816640K, used 499105K [0x0000000080000000, 0x00000000b1d80000, 0x00000000d5580000)
  object space 816640K, 61% used [0x0000000080000000,0x000000009e768640,0x00000000b1d80000)
 Metaspace       used 90391K, committed 92224K, reserved 1179648K
  class space    used 9208K, committed 10048K, reserved 1048576K
}
Event: 2614.875 GC heap after
{Heap after GC invocations=2978 (full 5):
 PSYoungGen      total 3072K, used 352K [0x00000000d5580000, 0x00000000d5980000, 0x0000000100000000)
  eden space 2560K, 0% used [0x00000000d5580000,0x00000000d5580000,0x00000000d5800000)
  from space 512K, 68% used [0x00000000d5880000,0x00000000d58d8220,0x00000000d5900000)
  to   space 512K, 0% used [0x00000000d5900000,0x00000000d5900000,0x00000000d5980000)
 ParOldGen       total 816640K, used 499169K [0x0000000080000000, 0x00000000b1d80000, 0x00000000d5580000)
  object space 816640K, 61% used [0x0000000080000000,0x000000009e778640,0x00000000b1d80000)
 Metaspace       used 90391K, committed 92224K, reserved 1179648K
  class space    used 9208K, committed 10048K, reserved 1048576K
}
Event: 2614.937 GC heap before
{Heap before GC invocations=2979 (full 5):
 PSYoungGen      total 3072K, used 2912K [0x00000000d5580000, 0x00000000d5980000, 0x0000000100000000)
  eden space 2560K, 100% used [0x00000000d5580000,0x00000000d5800000,0x00000000d5800000)
  from space 512K, 68% used [0x00000000d5880000,0x00000000d58d8220,0x00000000d5900000)
  to   space 512K, 0% used [0x00000000d5900000,0x00000000d5900000,0x00000000d5980000)
 ParOldGen       total 816640K, used 499169K [0x0000000080000000, 0x00000000b1d80000, 0x00000000d5580000)
  object space 816640K, 61% used [0x0000000080000000,0x000000009e778640,0x00000000b1d80000)
 Metaspace       used 90741K, committed 92544K, reserved 1179648K
  class space    used 9262K, committed 10112K, reserved 1048576K
}
Event: 2614.939 GC heap after
{Heap after GC invocations=2979 (full 5):
 PSYoungGen      total 3072K, used 297K [0x00000000d5580000, 0x00000000d5980000, 0x0000000100000000)
  eden space 2560K, 0% used [0x00000000d5580000,0x00000000d5580000,0x00000000d5800000)
  from space 512K, 58% used [0x00000000d5900000,0x00000000d594a460,0x00000000d5980000)
  to   space 512K, 0% used [0x00000000d5880000,0x00000000d5880000,0x00000000d5900000)
 ParOldGen       total 816640K, used 499308K [0x0000000080000000, 0x00000000b1d80000, 0x00000000d5580000)
  object space 816640K, 61% used [0x0000000080000000,0x000000009e79b3f0,0x00000000b1d80000)
 Metaspace       used 90741K, committed 92544K, reserved 1179648K
  class space    used 9262K, committed 10112K, reserved 1048576K
}
Event: 2615.029 GC heap before
{Heap before GC invocations=2980 (full 5):
 PSYoungGen      total 3072K, used 2857K [0x00000000d5580000, 0x00000000d5980000, 0x0000000100000000)
  eden space 2560K, 100% used [0x00000000d5580000,0x00000000d5800000,0x00000000d5800000)
  from space 512K, 58% used [0x00000000d5900000,0x00000000d594a460,0x00000000d5980000)
  to   space 512K, 0% used [0x00000000d5880000,0x00000000d5880000,0x00000000d5900000)
 ParOldGen       total 816640K, used 499308K [0x0000000080000000, 0x00000000b1d80000, 0x00000000d5580000)
  object space 816640K, 61% used [0x0000000080000000,0x000000009e79b3f0,0x00000000b1d80000)
 Metaspace       used 91199K, committed 92992K, reserved 1179648K
  class space    used 9339K, committed 10176K, reserved 1048576K
}
Event: 2615.033 GC heap after
{Heap after GC invocations=2980 (full 5):
 PSYoungGen      total 3072K, used 128K [0x00000000d5580000, 0x00000000d5980000, 0x0000000100000000)
  eden space 2560K, 0% used [0x00000000d5580000,0x00000000d5580000,0x00000000d5800000)
  from space 512K, 25% used [0x00000000d5880000,0x00000000d58a0000,0x00000000d5900000)
  to   space 512K, 0% used [0x00000000d5900000,0x00000000d5900000,0x00000000d5980000)
 ParOldGen       total 816640K, used 499526K [0x0000000080000000, 0x00000000b1d80000, 0x00000000d5580000)
  object space 816640K, 61% used [0x0000000080000000,0x000000009e7d1870,0x00000000b1d80000)
 Metaspace       used 91199K, committed 92992K, reserved 1179648K
  class space    used 9339K, committed 10176K, reserved 1048576K
}
Event: 2618.162 GC heap before
{Heap before GC invocations=2981 (full 5):
 PSYoungGen      total 3072K, used 2688K [0x00000000d5580000, 0x00000000d5980000, 0x0000000100000000)
  eden space 2560K, 100% used [0x00000000d5580000,0x00000000d5800000,0x00000000d5800000)
  from space 512K, 25% used [0x00000000d5880000,0x00000000d58a0000,0x00000000d5900000)
  to   space 512K, 0% used [0x00000000d5900000,0x00000000d5900000,0x00000000d5980000)
 ParOldGen       total 816640K, used 499526K [0x0000000080000000, 0x00000000b1d80000, 0x00000000d5580000)
  object space 816640K, 61% used [0x0000000080000000,0x000000009e7d1870,0x00000000b1d80000)
 Metaspace       used 91656K, committed 93504K, reserved 1179648K
  class space    used 9395K, committed 10240K, reserved 1048576K
}
Event: 2618.164 GC heap after
{Heap after GC invocations=2981 (full 5):
 PSYoungGen      total 3072K, used 160K [0x00000000d5580000, 0x00000000d5980000, 0x0000000100000000)
  eden space 2560K, 0% used [0x00000000d5580000,0x00000000d5580000,0x00000000d5800000)
  from space 512K, 31% used [0x00000000d5900000,0x00000000d5928000,0x00000000d5980000)
  to   space 512K, 0% used [0x00000000d5880000,0x00000000d5880000,0x00000000d5900000)
 ParOldGen       total 816640K, used 499590K [0x0000000080000000, 0x00000000b1d80000, 0x00000000d5580000)
  object space 816640K, 61% used [0x0000000080000000,0x000000009e7e1870,0x00000000b1d80000)
 Metaspace       used 91656K, committed 93504K, reserved 1179648K
  class space    used 9395K, committed 10240K, reserved 1048576K
}
Event: 2618.297 GC heap before
{Heap before GC invocations=2982 (full 5):
 PSYoungGen      total 3072K, used 2715K [0x00000000d5580000, 0x00000000d5980000, 0x0000000100000000)
  eden space 2560K, 99% used [0x00000000d5580000,0x00000000d57fec70,0x00000000d5800000)
  from space 512K, 31% used [0x00000000d5900000,0x00000000d5928000,0x00000000d5980000)
  to   space 512K, 0% used [0x00000000d5880000,0x00000000d5880000,0x00000000d5900000)
 ParOldGen       total 816640K, used 499590K [0x0000000080000000, 0x00000000b1d80000, 0x00000000d5580000)
  object space 816640K, 61% used [0x0000000080000000,0x000000009e7e1870,0x00000000b1d80000)
 Metaspace       used 92058K, committed 93824K, reserved 1179648K
  class space    used 9437K, committed 10240K, reserved 1048576K
}
Event: 2618.302 GC heap after
{Heap after GC invocations=2982 (full 5):
 PSYoungGen      total 3072K, used 384K [0x00000000d5580000, 0x00000000d5980000, 0x0000000100000000)
  eden space 2560K, 0% used [0x00000000d5580000,0x00000000d5580000,0x00000000d5800000)
  from space 512K, 75% used [0x00000000d5880000,0x00000000d58e00a0,0x00000000d5900000)
  to   space 512K, 0% used [0x00000000d5900000,0x00000000d5900000,0x00000000d5980000)
 ParOldGen       total 816640K, used 499942K [0x0000000080000000, 0x00000000b1d80000, 0x00000000d5580000)
  object space 816640K, 61% used [0x0000000080000000,0x000000009e839880,0x00000000b1d80000)
 Metaspace       used 92058K, committed 93824K, reserved 1179648K
  class space    used 9437K, committed 10240K, reserved 1048576K
}
Event: 2618.323 GC heap before
{Heap before GC invocations=2983 (full 5):
 PSYoungGen      total 3072K, used 2944K [0x00000000d5580000, 0x00000000d5980000, 0x0000000100000000)
  eden space 2560K, 100% used [0x00000000d5580000,0x00000000d5800000,0x00000000d5800000)
  from space 512K, 75% used [0x00000000d5880000,0x00000000d58e00a0,0x00000000d5900000)
  to   space 512K, 0% used [0x00000000d5900000,0x00000000d5900000,0x00000000d5980000)
 ParOldGen       total 816640K, used 499942K [0x0000000080000000, 0x00000000b1d80000, 0x00000000d5580000)
  object space 816640K, 61% used [0x0000000080000000,0x000000009e839880,0x00000000b1d80000)
 Metaspace       used 92075K, committed 93888K, reserved 1179648K
  class space    used 9437K, committed 10240K, reserved 1048576K
}
Event: 2618.640 GC heap after
{Heap after GC invocations=2983 (full 5):
 PSYoungGen      total 3072K, used 494K [0x00000000d5580000, 0x00000000d5980000, 0x0000000100000000)
  eden space 2560K, 0% used [0x00000000d5580000,0x00000000d5580000,0x00000000d5800000)
  from space 512K, 96% used [0x00000000d5900000,0x00000000d597b970,0x00000000d5980000)
  to   space 512K, 0% used [0x00000000d5880000,0x00000000d5880000,0x00000000d5900000)
 ParOldGen       total 816640K, used 501225K [0x0000000080000000, 0x00000000b1d80000, 0x00000000d5580000)
  object space 816640K, 61% used [0x0000000080000000,0x000000009e97a540,0x00000000b1d80000)
 Metaspace       used 92075K, committed 93888K, reserved 1179648K
  class space    used 9437K, committed 10240K, reserved 1048576K
}

