# JRE version: OpenJDK Runtime Environment Temurin-21.0.11+10 (21.0.11+10) (build 21.0.11+10-LTS)
# Java VM: OpenJDK 64-Bit Server VM Temurin-21.0.11+10 (21.0.11+10-LTS, mixed mode, sharing, tiered, compressed oops, compressed class ptrs, parallel gc, windows-amd64)
GC Precious Log:
 CardTable entry size: 512
 CPUs: 4 total, 4 available
 Memory: 12067M
 Large Page Support: Disabled
 NUMA Support: Disabled
 Compressed Oops: Enabled (32-bit)
 Alignments: Space 512K, Generation 512K, Heap 2M
 Heap Min Capacity: 100M
 Heap Initial Capacity: 100M
 Heap Max Capacity: 2G
 Pre-touch: Disabled
 Parallel Workers: 4
Heap:
 PSYoungGen      total 12288K, used 2787K [0x00000000d5580000, 0x00000000d6580000, 0x0000000100000000)
  eden space 11776K, 22% used [0x00000000d5580000,0x00000000d5808c90,0x00000000d6100000)
  from space 512K, 37% used [0x00000000d6500000,0x00000000d6530020,0x00000000d6580000)
  to   space 512K, 0% used [0x00000000d6480000,0x00000000d6480000,0x00000000d6500000)
 ParOldGen       total 68608K, used 49138K [0x0000000080000000, 0x0000000084300000, 0x00000000d5580000)
  object space 68608K, 71% used [0x0000000080000000,0x0000000082ffc9c8,0x0000000084300000)
 Metaspace       used 66365K, committed 67776K, reserved 1114112K
  class space    used 7145K, committed 7744K, reserved 1048576K
GC Heap History (20 events):
Event: 41.578 GC heap before
{Heap before GC invocations=34 (full 2):
 PSYoungGen      total 17408K, used 17399K [0x00000000d5580000, 0x00000000d6980000, 0x0000000100000000)
  eden space 16384K, 100% used [0x00000000d5580000,0x00000000d6580000,0x00000000d6580000)
  from space 1024K, 99% used [0x00000000d6780000,0x00000000d687df70,0x00000000d6880000)
  to   space 1024K, 0% used [0x00000000d6880000,0x00000000d6880000,0x00000000d6980000)
 ParOldGen       total 68608K, used 45705K [0x0000000080000000, 0x0000000084300000, 0x00000000d5580000)
  object space 68608K, 66% used [0x0000000080000000,0x0000000082ca2730,0x0000000084300000)
 Metaspace       used 57016K, committed 58240K, reserved 1114112K
  class space    used 6231K, committed 6784K, reserved 1048576K
}
Event: 41.579 GC heap after
{Heap after GC invocations=34 (full 2):
 PSYoungGen      total 17408K, used 1011K [0x00000000d5580000, 0x00000000d6a80000, 0x0000000100000000)
  eden space 16384K, 0% used [0x00000000d5580000,0x00000000d5580000,0x00000000d6580000)
  from space 1024K, 98% used [0x00000000d6880000,0x00000000d697cfd0,0x00000000d6980000)
  to   space 2560K, 0% used [0x00000000d6580000,0x00000000d6580000,0x00000000d6800000)
 ParOldGen       total 68608K, used 46867K [0x0000000080000000, 0x0000000084300000, 0x00000000d5580000)
  object space 68608K, 68% used [0x0000000080000000,0x0000000082dc4d60,0x0000000084300000)
 Metaspace       used 57016K, committed 58240K, reserved 1114112K
  class space    used 6231K, committed 6784K, reserved 1048576K
}
Event: 43.641 GC heap before
{Heap before GC invocations=35 (full 2):
 PSYoungGen      total 17408K, used 16419K [0x00000000d5580000, 0x00000000d6a80000, 0x0000000100000000)
  eden space 16384K, 94% used [0x00000000d5580000,0x00000000d648bf48,0x00000000d6580000)
  from space 1024K, 98% used [0x00000000d6880000,0x00000000d697cfd0,0x00000000d6980000)
  to   space 2560K, 0% used [0x00000000d6580000,0x00000000d6580000,0x00000000d6800000)
 ParOldGen       total 68608K, used 46867K [0x0000000080000000, 0x0000000084300000, 0x00000000d5580000)
  object space 68608K, 68% used [0x0000000080000000,0x0000000082dc4d60,0x0000000084300000)
 Metaspace       used 58598K, committed 59776K, reserved 1114112K
  class space    used 6346K, committed 6912K, reserved 1048576K
}
Event: 43.643 GC heap after
{Heap after GC invocations=35 (full 2):
 PSYoungGen      total 18944K, used 224K [0x00000000d5580000, 0x00000000d6900000, 0x0000000100000000)
  eden space 16384K, 0% used [0x00000000d5580000,0x00000000d5580000,0x00000000d6580000)
  from space 2560K, 8% used [0x00000000d6580000,0x00000000d65b8000,0x00000000d6800000)
  to   space 1024K, 0% used [0x00000000d6800000,0x00000000d6800000,0x00000000d6900000)
 ParOldGen       total 68608K, used 47133K [0x0000000080000000, 0x0000000084300000, 0x00000000d5580000)
  object space 68608K, 68% used [0x0000000080000000,0x0000000082e07620,0x0000000084300000)
 Metaspace       used 58598K, committed 59776K, reserved 1114112K
  class space    used 6346K, committed 6912K, reserved 1048576K
}
Event: 43.643 GC heap before
{Heap before GC invocations=36 (full 3):
 PSYoungGen      total 18944K, used 224K [0x00000000d5580000, 0x00000000d6900000, 0x0000000100000000)
  eden space 16384K, 0% used [0x00000000d5580000,0x00000000d5580000,0x00000000d6580000)
  from space 2560K, 8% used [0x00000000d6580000,0x00000000d65b8000,0x00000000d6800000)
  to   space 1024K, 0% used [0x00000000d6800000,0x00000000d6800000,0x00000000d6900000)
 ParOldGen       total 68608K, used 47133K [0x0000000080000000, 0x0000000084300000, 0x00000000d5580000)
  object space 68608K, 68% used [0x0000000080000000,0x0000000082e07620,0x0000000084300000)
 Metaspace       used 58598K, committed 59776K, reserved 1114112K
  class space    used 6346K, committed 6912K, reserved 1048576K
}
Event: 43.811 GC heap after
{Heap after GC invocations=36 (full 3):
 PSYoungGen      total 18944K, used 0K [0x00000000d5580000, 0x00000000d6900000, 0x0000000100000000)
  eden space 16384K, 0% used [0x00000000d5580000,0x00000000d5580000,0x00000000d6580000)
  from space 2560K, 0% used [0x00000000d6580000,0x00000000d6580000,0x00000000d6800000)
  to   space 1024K, 0% used [0x00000000d6800000,0x00000000d6800000,0x00000000d6900000)
 ParOldGen       total 68608K, used 42554K [0x0000000080000000, 0x0000000084300000, 0x00000000d5580000)
  object space 68608K, 62% used [0x0000000080000000,0x000000008298e810,0x0000000084300000)
 Metaspace       used 58598K, committed 59776K, reserved 1114112K
  class space    used 6346K, committed 6912K, reserved 1048576K
}
Event: 46.067 GC heap before
{Heap before GC invocations=37 (full 3):
 PSYoungGen      total 18944K, used 16377K [0x00000000d5580000, 0x00000000d6900000, 0x0000000100000000)
  eden space 16384K, 99% used [0x00000000d5580000,0x00000000d657e668,0x00000000d6580000)
  from space 2560K, 0% used [0x00000000d6580000,0x00000000d6580000,0x00000000d6800000)
  to   space 1024K, 0% used [0x00000000d6800000,0x00000000d6800000,0x00000000d6900000)
 ParOldGen       total 68608K, used 42554K [0x0000000080000000, 0x0000000084300000, 0x00000000d5580000)
  object space 68608K, 62% used [0x0000000080000000,0x000000008298e810,0x0000000084300000)
 Metaspace       used 60201K, committed 61504K, reserved 1114112K
  class space    used 6534K, committed 7104K, reserved 1048576K
}
Event: 46.070 GC heap after
{Heap after GC invocations=37 (full 3):
 PSYoungGen      total 16896K, used 496K [0x00000000d5580000, 0x00000000d6880000, 0x0000000100000000)
  eden space 16384K, 0% used [0x00000000d5580000,0x00000000d5580000,0x00000000d6580000)
  from space 512K, 96% used [0x00000000d6800000,0x00000000d687c030,0x00000000d6880000)
  to   space 1024K, 0% used [0x00000000d6680000,0x00000000d6680000,0x00000000d6780000)
 ParOldGen       total 68608K, used 42562K [0x0000000080000000, 0x0000000084300000, 0x00000000d5580000)
  object space 68608K, 62% used [0x0000000080000000,0x0000000082990810,0x0000000084300000)
 Metaspace       used 60201K, committed 61504K, reserved 1114112K
  class space    used 6534K, committed 7104K, reserved 1048576K
}
Event: 47.693 GC heap before
{Heap before GC invocations=38 (full 3):
 PSYoungGen      total 16896K, used 16880K [0x00000000d5580000, 0x00000000d6880000, 0x0000000100000000)
  eden space 16384K, 100% used [0x00000000d5580000,0x00000000d6580000,0x00000000d6580000)
  from space 512K, 96% used [0x00000000d6800000,0x00000000d687c030,0x00000000d6880000)
  to   space 1024K, 0% used [0x00000000d6680000,0x00000000d6680000,0x00000000d6780000)
 ParOldGen       total 68608K, used 42562K [0x0000000080000000, 0x0000000084300000, 0x00000000d5580000)
  object space 68608K, 62% used [0x0000000080000000,0x0000000082990810,0x0000000084300000)
 Metaspace       used 62127K, committed 63424K, reserved 1114112K
  class space    used 6731K, committed 7296K, reserved 1048576K
}
Event: 47.697 GC heap after
{Heap after GC invocations=38 (full 3):
 PSYoungGen      total 17408K, used 1021K [0x00000000d5580000, 0x00000000d6a80000, 0x0000000100000000)
  eden space 16384K, 0% used [0x00000000d5580000,0x00000000d5580000,0x00000000d6580000)
  from space 1024K, 99% used [0x00000000d6680000,0x00000000d677f638,0x00000000d6780000)
  to   space 2560K, 0% used [0x00000000d6800000,0x00000000d6800000,0x00000000d6a80000)
 ParOldGen       total 68608K, used 43688K [0x0000000080000000, 0x0000000084300000, 0x00000000d5580000)
  object space 68608K, 63% used [0x0000000080000000,0x0000000082aaa008,0x0000000084300000)
 Metaspace       used 62127K, committed 63424K, reserved 1114112K
  class space    used 6731K, committed 7296K, reserved 1048576K
}
Event: 53.427 GC heap before
{Heap before GC invocations=39 (full 3):
 PSYoungGen      total 17408K, used 17405K [0x00000000d5580000, 0x00000000d6a80000, 0x0000000100000000)
  eden space 16384K, 100% used [0x00000000d5580000,0x00000000d6580000,0x00000000d6580000)
  from space 1024K, 99% used [0x00000000d6680000,0x00000000d677f638,0x00000000d6780000)
  to   space 2560K, 0% used [0x00000000d6800000,0x00000000d6800000,0x00000000d6a80000)
 ParOldGen       total 68608K, used 43688K [0x0000000080000000, 0x0000000084300000, 0x00000000d5580000)
  object space 68608K, 63% used [0x0000000080000000,0x0000000082aaa008,0x0000000084300000)
 Metaspace       used 63628K, committed 65024K, reserved 1114112K
  class space    used 6869K, committed 7488K, reserved 1048576K
}
Event: 53.434 GC heap after
{Heap after GC invocations=39 (full 3):
 PSYoungGen      total 14336K, used 2536K [0x00000000d5580000, 0x00000000d7380000, 0x0000000100000000)
  eden space 11776K, 0% used [0x00000000d5580000,0x00000000d5580000,0x00000000d6100000)
  from space 2560K, 99% used [0x00000000d6800000,0x00000000d6a7a3c0,0x00000000d6a80000)
  to   space 7168K, 0% used [0x00000000d6100000,0x00000000d6100000,0x00000000d6800000)
 ParOldGen       total 68608K, used 47089K [0x0000000080000000, 0x0000000084300000, 0x00000000d5580000)
  object space 68608K, 68% used [0x0000000080000000,0x0000000082dfc6d8,0x0000000084300000)
 Metaspace       used 63628K, committed 65024K, reserved 1114112K
  class space    used 6869K, committed 7488K, reserved 1048576K
}
Event: 63.302 GC heap before
{Heap before GC invocations=40 (full 3):
 PSYoungGen      total 14336K, used 14312K [0x00000000d5580000, 0x00000000d7380000, 0x0000000100000000)
  eden space 11776K, 100% used [0x00000000d5580000,0x00000000d6100000,0x00000000d6100000)
  from space 2560K, 99% used [0x00000000d6800000,0x00000000d6a7a3c0,0x00000000d6a80000)
  to   space 7168K, 0% used [0x00000000d6100000,0x00000000d6100000,0x00000000d6800000)
 ParOldGen       total 68608K, used 47089K [0x0000000080000000, 0x0000000084300000, 0x00000000d5580000)
  object space 68608K, 68% used [0x0000000080000000,0x0000000082dfc6d8,0x0000000084300000)
 Metaspace       used 64322K, committed 65728K, reserved 1114112K
  class space    used 6936K, committed 7552K, reserved 1048576K
}
Event: 63.309 GC heap after
{Heap after GC invocations=40 (full 3):
 PSYoungGen      total 15360K, used 3280K [0x00000000d5580000, 0x00000000d6a00000, 0x0000000100000000)
  eden space 11776K, 0% used [0x00000000d5580000,0x00000000d5580000,0x00000000d6100000)
  from space 3584K, 91% used [0x00000000d6100000,0x00000000d6434078,0x00000000d6480000)
  to   space 4608K, 0% used [0x00000000d6580000,0x00000000d6580000,0x00000000d6a00000)
 ParOldGen       total 68608K, used 48085K [0x0000000080000000, 0x0000000084300000, 0x00000000d5580000)
  object space 68608K, 70% used [0x0000000080000000,0x0000000082ef56f8,0x0000000084300000)
 Metaspace       used 64322K, committed 65728K, reserved 1114112K
  class space    used 6936K, committed 7552K, reserved 1048576K
}
Event: 1329.258 GC heap before
{Heap before GC invocations=41 (full 3):
 PSYoungGen      total 15360K, used 15056K [0x00000000d5580000, 0x00000000d6a00000, 0x0000000100000000)
  eden space 11776K, 100% used [0x00000000d5580000,0x00000000d6100000,0x00000000d6100000)
  from space 3584K, 91% used [0x00000000d6100000,0x00000000d6434078,0x00000000d6480000)
  to   space 4608K, 0% used [0x00000000d6580000,0x00000000d6580000,0x00000000d6a00000)
 ParOldGen       total 68608K, used 48085K [0x0000000080000000, 0x0000000084300000, 0x00000000d5580000)
  object space 68608K, 70% used [0x0000000080000000,0x0000000082ef56f8,0x0000000084300000)
 Metaspace       used 65116K, committed 66560K, reserved 1114112K
  class space    used 7035K, committed 7680K, reserved 1048576K
}
Event: 1329.261 GC heap after
{Heap after GC invocations=41 (full 3):
 PSYoungGen      total 12800K, used 624K [0x00000000d5580000, 0x00000000d6680000, 0x0000000100000000)
  eden space 11776K, 0% used [0x00000000d5580000,0x00000000d5580000,0x00000000d6100000)
  from space 1024K, 60% used [0x00000000d6580000,0x00000000d661c030,0x00000000d6680000)
  to   space 2048K, 0% used [0x00000000d6280000,0x00000000d6280000,0x00000000d6480000)
 ParOldGen       total 68608K, used 48543K [0x0000000080000000, 0x0000000084300000, 0x00000000d5580000)
  object space 68608K, 70% used [0x0000000080000000,0x0000000082f67d38,0x0000000084300000)
 Metaspace       used 65116K, committed 66560K, reserved 1114112K
  class space    used 7035K, committed 7680K, reserved 1048576K
}
Event: 1629.280 GC heap before
{Heap before GC invocations=42 (full 3):
 PSYoungGen      total 12800K, used 12400K [0x00000000d5580000, 0x00000000d6680000, 0x0000000100000000)
  eden space 11776K, 100% used [0x00000000d5580000,0x00000000d6100000,0x00000000d6100000)
  from space 1024K, 60% used [0x00000000d6580000,0x00000000d661c030,0x00000000d6680000)
  to   space 2048K, 0% used [0x00000000d6280000,0x00000000d6280000,0x00000000d6480000)
 ParOldGen       total 68608K, used 48543K [0x0000000080000000, 0x0000000084300000, 0x00000000d5580000)
  object space 68608K, 70% used [0x0000000080000000,0x0000000082f67d38,0x0000000084300000)
 Metaspace       used 66114K, committed 67520K, reserved 1114112K
  class space    used 7140K, committed 7744K, reserved 1048576K
}
Event: 1629.282 GC heap after
{Heap after GC invocations=42 (full 3):
 PSYoungGen      total 13824K, used 256K [0x00000000d5580000, 0x00000000d6600000, 0x0000000100000000)
  eden space 11776K, 0% used [0x00000000d5580000,0x00000000d5580000,0x00000000d6100000)
  from space 2048K, 12% used [0x00000000d6280000,0x00000000d62c0000,0x00000000d6480000)
  to   space 1024K, 0% used [0x00000000d6500000,0x00000000d6500000,0x00000000d6600000)
 ParOldGen       total 68608K, used 48970K [0x0000000080000000, 0x0000000084300000, 0x00000000d5580000)
  object space 68608K, 71% used [0x0000000080000000,0x0000000082fd29c8,0x0000000084300000)
 Metaspace       used 66114K, committed 67520K, reserved 1114112K
  class space    used 7140K, committed 7744K, reserved 1048576K
}
Event: 208589.958 GC heap before
{Heap before GC invocations=43 (full 3):
 PSYoungGen      total 13824K, used 12032K [0x00000000d5580000, 0x00000000d6600000, 0x0000000100000000)
  eden space 11776K, 100% used [0x00000000d5580000,0x00000000d6100000,0x00000000d6100000)
  from space 2048K, 12% used [0x00000000d6280000,0x00000000d62c0000,0x00000000d6480000)
  to   space 1024K, 0% used [0x00000000d6500000,0x00000000d6500000,0x00000000d6600000)
 ParOldGen       total 68608K, used 48970K [0x0000000080000000, 0x0000000084300000, 0x00000000d5580000)
  object space 68608K, 71% used [0x0000000080000000,0x0000000082fd29c8,0x0000000084300000)
 Metaspace       used 66350K, committed 67776K, reserved 1114112K
  class space    used 7145K, committed 7744K, reserved 1048576K
}
Event: 208590.053 GC heap after
{Heap after GC invocations=43 (full 3):
 PSYoungGen      total 12288K, used 192K [0x00000000d5580000, 0x00000000d6580000, 0x0000000100000000)
  eden space 11776K, 0% used [0x00000000d5580000,0x00000000d5580000,0x00000000d6100000)
  from space 512K, 37% used [0x00000000d6500000,0x00000000d6530020,0x00000000d6580000)
  to   space 512K, 0% used [0x00000000d6480000,0x00000000d6480000,0x00000000d6500000)
 ParOldGen       total 68608K, used 49138K [0x0000000080000000, 0x0000000084300000, 0x00000000d5580000)
  object space 68608K, 71% used [0x0000000080000000,0x0000000082ffc9c8,0x0000000084300000)
 Metaspace       used 66350K, committed 67776K, reserved 1114112K
  class space    used 7145K, committed 7744K, reserved 1048576K
}

