# JRE version: OpenJDK Runtime Environment Temurin-21.0.11+10 (21.0.11+10) (build 21.0.11+10-LTS)
# Java VM: OpenJDK 64-Bit Server VM Temurin-21.0.11+10 (21.0.11+10-LTS, mixed mode, sharing, tiered, compressed oops, compressed class ptrs, parallel gc, windows-amd64)
GC Precious Log:
 CardTable entry size: 512
 CPUs: 4 total, 4 available
 Memory: 12067M
 Large Page Support: Disabled
 NUMA Support: Disabled
 Compressed Oops: Enabled (32-bit)
 Alignments: Space 512K, Generation 512K, Heap 2M
 Heap Min Capacity: 100M
 Heap Initial Capacity: 100M
 Heap Max Capacity: 2G
 Pre-touch: Disabled
 Parallel Workers: 4
Heap:
 PSYoungGen      total 18432K, used 13797K [0x00000000d5580000, 0x00000000d6c80000, 0x0000000100000000)
  eden space 17408K, 73% used [0x00000000d5580000,0x00000000d61fd4d0,0x00000000d6680000)
  from space 1024K, 98% used [0x00000000d6900000,0x00000000d69fc010,0x00000000d6a00000)
  to   space 2560K, 0% used [0x00000000d6680000,0x00000000d6680000,0x00000000d6900000)
 ParOldGen       total 68608K, used 45567K [0x0000000080000000, 0x0000000084300000, 0x00000000d5580000)
  object space 68608K, 66% used [0x0000000080000000,0x0000000082c7ff80,0x0000000084300000)
 Metaspace       used 65093K, committed 66432K, reserved 1114112K
  class space    used 7027K, committed 7616K, reserved 1048576K
GC Heap History (20 events):
Event: 16.843 GC heap before
{Heap before GC invocations=30 (full 2):
 PSYoungGen      total 20992K, used 20896K [0x00000000d5580000, 0x00000000d6c80000, 0x0000000100000000)
  eden space 19968K, 100% used [0x00000000d5580000,0x00000000d6900000,0x00000000d6900000)
  from space 1024K, 90% used [0x00000000d6900000,0x00000000d69e8000,0x00000000d6a00000)
  to   space 1536K, 0% used [0x00000000d6b00000,0x00000000d6b00000,0x00000000d6c80000)
 ParOldGen       total 68608K, used 42692K [0x0000000080000000, 0x0000000084300000, 0x00000000d5580000)
  object space 68608K, 62% used [0x0000000080000000,0x00000000829b1198,0x0000000084300000)
 Metaspace       used 54882K, committed 56128K, reserved 1114112K
  class space    used 6044K, committed 6592K, reserved 1048576K
}
Event: 16.845 GC heap after
{Heap after GC invocations=30 (full 2):
 PSYoungGen      total 20480K, used 512K [0x00000000d5580000, 0x00000000d6b80000, 0x0000000100000000)
  eden space 19968K, 0% used [0x00000000d5580000,0x00000000d5580000,0x00000000d6900000)
  from space 512K, 100% used [0x00000000d6b00000,0x00000000d6b80000,0x00000000d6b80000)
  to   space 1024K, 0% used [0x00000000d6980000,0x00000000d6980000,0x00000000d6a80000)
 ParOldGen       total 68608K, used 43524K [0x0000000080000000, 0x0000000084300000, 0x00000000d5580000)
  object space 68608K, 63% used [0x0000000080000000,0x0000000082a81198,0x0000000084300000)
 Metaspace       used 54882K, committed 56128K, reserved 1114112K
  class space    used 6044K, committed 6592K, reserved 1048576K
}
Event: 17.337 GC heap before
{Heap before GC invocations=31 (full 2):
 PSYoungGen      total 20480K, used 20479K [0x00000000d5580000, 0x00000000d6b80000, 0x0000000100000000)
  eden space 19968K, 99% used [0x00000000d5580000,0x00000000d68ffff8,0x00000000d6900000)
  from space 512K, 100% used [0x00000000d6b00000,0x00000000d6b80000,0x00000000d6b80000)
  to   space 1024K, 0% used [0x00000000d6980000,0x00000000d6980000,0x00000000d6a80000)
 ParOldGen       total 68608K, used 43524K [0x0000000080000000, 0x0000000084300000, 0x00000000d5580000)
  object space 68608K, 63% used [0x0000000080000000,0x0000000082a81198,0x0000000084300000)
 Metaspace       used 56412K, committed 57600K, reserved 1114112K
  class space    used 6191K, committed 6720K, reserved 1048576K
}
Event: 17.339 GC heap after
{Heap after GC invocations=31 (full 2):
 PSYoungGen      total 20992K, used 608K [0x00000000d5580000, 0x00000000d6b80000, 0x0000000100000000)
  eden space 19968K, 0% used [0x00000000d5580000,0x00000000d5580000,0x00000000d6900000)
  from space 1024K, 59% used [0x00000000d6980000,0x00000000d6a18020,0x00000000d6a80000)
  to   space 1024K, 0% used [0x00000000d6a80000,0x00000000d6a80000,0x00000000d6b80000)
 ParOldGen       total 68608K, used 43944K [0x0000000080000000, 0x0000000084300000, 0x00000000d5580000)
  object space 68608K, 64% used [0x0000000080000000,0x0000000082aea250,0x0000000084300000)
 Metaspace       used 56412K, committed 57600K, reserved 1114112K
  class space    used 6191K, committed 6720K, reserved 1048576K
}
Event: 17.879 GC heap before
{Heap before GC invocations=32 (full 2):
 PSYoungGen      total 20992K, used 20572K [0x00000000d5580000, 0x00000000d6b80000, 0x0000000100000000)
  eden space 19968K, 99% used [0x00000000d5580000,0x00000000d68ff210,0x00000000d6900000)
  from space 1024K, 59% used [0x00000000d6980000,0x00000000d6a18020,0x00000000d6a80000)
  to   space 1024K, 0% used [0x00000000d6a80000,0x00000000d6a80000,0x00000000d6b80000)
 ParOldGen       total 68608K, used 43944K [0x0000000080000000, 0x0000000084300000, 0x00000000d5580000)
  object space 68608K, 64% used [0x0000000080000000,0x0000000082aea250,0x0000000084300000)
 Metaspace       used 58345K, committed 59648K, reserved 1114112K
  class space    used 6362K, committed 6912K, reserved 1048576K
}
Event: 17.883 GC heap after
{Heap after GC invocations=32 (full 2):
 PSYoungGen      total 20480K, used 1016K [0x00000000d5580000, 0x00000000d6d00000, 0x0000000100000000)
  eden space 19456K, 0% used [0x00000000d5580000,0x00000000d5580000,0x00000000d6880000)
  from space 1024K, 99% used [0x00000000d6a80000,0x00000000d6b7e260,0x00000000d6b80000)
  to   space 2048K, 0% used [0x00000000d6880000,0x00000000d6880000,0x00000000d6a80000)
 ParOldGen       total 68608K, used 44638K [0x0000000080000000, 0x0000000084300000, 0x00000000d5580000)
  object space 68608K, 65% used [0x0000000080000000,0x0000000082b97a18,0x0000000084300000)
 Metaspace       used 58345K, committed 59648K, reserved 1114112K
  class space    used 6362K, committed 6912K, reserved 1048576K
}
Event: 17.945 GC heap before
{Heap before GC invocations=33 (full 2):
 PSYoungGen      total 20480K, used 3491K [0x00000000d5580000, 0x00000000d6d00000, 0x0000000100000000)
  eden space 19456K, 12% used [0x00000000d5580000,0x00000000d57eaa68,0x00000000d6880000)
  from space 1024K, 99% used [0x00000000d6a80000,0x00000000d6b7e260,0x00000000d6b80000)
  to   space 2048K, 0% used [0x00000000d6880000,0x00000000d6880000,0x00000000d6a80000)
 ParOldGen       total 68608K, used 44638K [0x0000000080000000, 0x0000000084300000, 0x00000000d5580000)
  object space 68608K, 65% used [0x0000000080000000,0x0000000082b97a18,0x0000000084300000)
 Metaspace       used 58571K, committed 59776K, reserved 1114112K
  class space    used 6385K, committed 6912K, reserved 1048576K
}
Event: 17.947 GC heap after
{Heap after GC invocations=33 (full 2):
 PSYoungGen      total 19968K, used 492K [0x00000000d5580000, 0x00000000d6b00000, 0x0000000100000000)
  eden space 19456K, 0% used [0x00000000d5580000,0x00000000d5580000,0x00000000d6880000)
  from space 512K, 96% used [0x00000000d6880000,0x00000000d68fb260,0x00000000d6900000)
  to   space 1024K, 0% used [0x00000000d6a00000,0x00000000d6a00000,0x00000000d6b00000)
 ParOldGen       total 68608K, used 45631K [0x0000000080000000, 0x0000000084300000, 0x00000000d5580000)
  object space 68608K, 66% used [0x0000000080000000,0x0000000082c8fed8,0x0000000084300000)
 Metaspace       used 58571K, committed 59776K, reserved 1114112K
  class space    used 6385K, committed 6912K, reserved 1048576K
}
Event: 17.947 GC heap before
{Heap before GC invocations=34 (full 3):
 PSYoungGen      total 19968K, used 492K [0x00000000d5580000, 0x00000000d6b00000, 0x0000000100000000)
  eden space 19456K, 0% used [0x00000000d5580000,0x00000000d5580000,0x00000000d6880000)
  from space 512K, 96% used [0x00000000d6880000,0x00000000d68fb260,0x00000000d6900000)
  to   space 1024K, 0% used [0x00000000d6a00000,0x00000000d6a00000,0x00000000d6b00000)
 ParOldGen       total 68608K, used 45631K [0x0000000080000000, 0x0000000084300000, 0x00000000d5580000)
  object space 68608K, 66% used [0x0000000080000000,0x0000000082c8fed8,0x0000000084300000)
 Metaspace       used 58571K, committed 59776K, reserved 1114112K
  class space    used 6385K, committed 6912K, reserved 1048576K
}
Event: 18.056 GC heap after
{Heap after GC invocations=34 (full 3):
 PSYoungGen      total 19968K, used 0K [0x00000000d5580000, 0x00000000d6b00000, 0x0000000100000000)
  eden space 19456K, 0% used [0x00000000d5580000,0x00000000d5580000,0x00000000d6880000)
  from space 512K, 0% used [0x00000000d6880000,0x00000000d6880000,0x00000000d6900000)
  to   space 1024K, 0% used [0x00000000d6a00000,0x00000000d6a00000,0x00000000d6b00000)
 ParOldGen       total 68608K, used 41710K [0x0000000080000000, 0x0000000084300000, 0x00000000d5580000)
  object space 68608K, 60% used [0x0000000080000000,0x00000000828bb8e0,0x0000000084300000)
 Metaspace       used 58571K, committed 59776K, reserved 1114112K
  class space    used 6385K, committed 6912K, reserved 1048576K
}
Event: 19.253 GC heap before
{Heap before GC invocations=35 (full 3):
 PSYoungGen      total 19968K, used 19456K [0x00000000d5580000, 0x00000000d6b00000, 0x0000000100000000)
  eden space 19456K, 100% used [0x00000000d5580000,0x00000000d6880000,0x00000000d6880000)
  from space 512K, 0% used [0x00000000d6880000,0x00000000d6880000,0x00000000d6900000)
  to   space 1024K, 0% used [0x00000000d6a00000,0x00000000d6a00000,0x00000000d6b00000)
 ParOldGen       total 68608K, used 41710K [0x0000000080000000, 0x0000000084300000, 0x00000000d5580000)
  object space 68608K, 60% used [0x0000000080000000,0x00000000828bb8e0,0x0000000084300000)
 Metaspace       used 59832K, committed 61056K, reserved 1114112K
  class space    used 6510K, committed 7040K, reserved 1048576K
}
Event: 19.256 GC heap after
{Heap after GC invocations=35 (full 3):
 PSYoungGen      total 19456K, used 1024K [0x00000000d5580000, 0x00000000d6d80000, 0x0000000100000000)
  eden space 18432K, 0% used [0x00000000d5580000,0x00000000d5580000,0x00000000d6780000)
  from space 1024K, 100% used [0x00000000d6a00000,0x00000000d6b00000,0x00000000d6b00000)
  to   space 2560K, 0% used [0x00000000d6780000,0x00000000d6780000,0x00000000d6a00000)
 ParOldGen       total 68608K, used 42586K [0x0000000080000000, 0x0000000084300000, 0x00000000d5580000)
  object space 68608K, 62% used [0x0000000080000000,0x0000000082996968,0x0000000084300000)
 Metaspace       used 59832K, committed 61056K, reserved 1114112K
  class space    used 6510K, committed 7040K, reserved 1048576K
}
Event: 19.518 GC heap before
{Heap before GC invocations=36 (full 3):
 PSYoungGen      total 19456K, used 19442K [0x00000000d5580000, 0x00000000d6d80000, 0x0000000100000000)
  eden space 18432K, 99% used [0x00000000d5580000,0x00000000d677ca70,0x00000000d6780000)
  from space 1024K, 100% used [0x00000000d6a00000,0x00000000d6b00000,0x00000000d6b00000)
  to   space 2560K, 0% used [0x00000000d6780000,0x00000000d6780000,0x00000000d6a00000)
 ParOldGen       total 68608K, used 42586K [0x0000000080000000, 0x0000000084300000, 0x00000000d5580000)
  object space 68608K, 62% used [0x0000000080000000,0x0000000082996968,0x0000000084300000)
 Metaspace       used 60402K, committed 61696K, reserved 1114112K
  class space    used 6544K, committed 7104K, reserved 1048576K
}
Event: 19.520 GC heap after
{Heap after GC invocations=36 (full 3):
 PSYoungGen      total 19968K, used 1480K [0x00000000d5580000, 0x00000000d6b80000, 0x0000000100000000)
  eden space 18432K, 0% used [0x00000000d5580000,0x00000000d5580000,0x00000000d6780000)
  from space 1536K, 96% used [0x00000000d6780000,0x00000000d68f20a8,0x00000000d6900000)
  to   space 2048K, 0% used [0x00000000d6980000,0x00000000d6980000,0x00000000d6b80000)
 ParOldGen       total 68608K, used 43629K [0x0000000080000000, 0x0000000084300000, 0x00000000d5580000)
  object space 68608K, 63% used [0x0000000080000000,0x0000000082a9b5d8,0x0000000084300000)
 Metaspace       used 60402K, committed 61696K, reserved 1114112K
  class space    used 6544K, committed 7104K, reserved 1048576K
}
Event: 19.591 GC heap before
{Heap before GC invocations=37 (full 3):
 PSYoungGen      total 19968K, used 19912K [0x00000000d5580000, 0x00000000d6b80000, 0x0000000100000000)
  eden space 18432K, 100% used [0x00000000d5580000,0x00000000d6780000,0x00000000d6780000)
  from space 1536K, 96% used [0x00000000d6780000,0x00000000d68f20a8,0x00000000d6900000)
  to   space 2048K, 0% used [0x00000000d6980000,0x00000000d6980000,0x00000000d6b80000)
 ParOldGen       total 68608K, used 43629K [0x0000000080000000, 0x0000000084300000, 0x00000000d5580000)
  object space 68608K, 63% used [0x0000000080000000,0x0000000082a9b5d8,0x0000000084300000)
 Metaspace       used 60416K, committed 61696K, reserved 1114112K
  class space    used 6544K, committed 7104K, reserved 1048576K
}
Event: 19.592 GC heap after
{Heap after GC invocations=37 (full 3):
 PSYoungGen      total 19968K, used 1055K [0x00000000d5580000, 0x00000000d6b00000, 0x0000000100000000)
  eden space 18432K, 0% used [0x00000000d5580000,0x00000000d5580000,0x00000000d6780000)
  from space 1536K, 68% used [0x00000000d6980000,0x00000000d6a87d90,0x00000000d6b00000)
  to   space 1536K, 0% used [0x00000000d6780000,0x00000000d6780000,0x00000000d6900000)
 ParOldGen       total 68608K, used 44636K [0x0000000080000000, 0x0000000084300000, 0x00000000d5580000)
  object space 68608K, 65% used [0x0000000080000000,0x0000000082b97010,0x0000000084300000)
 Metaspace       used 60416K, committed 61696K, reserved 1114112K
  class space    used 6544K, committed 7104K, reserved 1048576K
}
Event: 20.242 GC heap before
{Heap before GC invocations=38 (full 3):
 PSYoungGen      total 19968K, used 19487K [0x00000000d5580000, 0x00000000d6b00000, 0x0000000100000000)
  eden space 18432K, 100% used [0x00000000d5580000,0x00000000d6780000,0x00000000d6780000)
  from space 1536K, 68% used [0x00000000d6980000,0x00000000d6a87d90,0x00000000d6b00000)
  to   space 1536K, 0% used [0x00000000d6780000,0x00000000d6780000,0x00000000d6900000)
 ParOldGen       total 68608K, used 44636K [0x0000000080000000, 0x0000000084300000, 0x00000000d5580000)
  object space 68608K, 65% used [0x0000000080000000,0x0000000082b97010,0x0000000084300000)
 Metaspace       used 62412K, committed 63680K, reserved 1114112K
  class space    used 6755K, committed 7296K, reserved 1048576K
}
Event: 20.245 GC heap after
{Heap after GC invocations=38 (full 3):
 PSYoungGen      total 19968K, used 504K [0x00000000d5580000, 0x00000000d6a00000, 0x0000000100000000)
  eden space 18432K, 0% used [0x00000000d5580000,0x00000000d5580000,0x00000000d6780000)
  from space 1536K, 32% used [0x00000000d6780000,0x00000000d67fe1c8,0x00000000d6900000)
  to   space 1024K, 0% used [0x00000000d6900000,0x00000000d6900000,0x00000000d6a00000)
 ParOldGen       total 68608K, used 44652K [0x0000000080000000, 0x0000000084300000, 0x00000000d5580000)
  object space 68608K, 65% used [0x0000000080000000,0x0000000082b9b010,0x0000000084300000)
 Metaspace       used 62412K, committed 63680K, reserved 1114112K
  class space    used 6755K, committed 7296K, reserved 1048576K
}
Event: 22.056 GC heap before
{Heap before GC invocations=39 (full 3):
 PSYoungGen      total 19968K, used 18934K [0x00000000d5580000, 0x00000000d6a00000, 0x0000000100000000)
  eden space 18432K, 99% used [0x00000000d5580000,0x00000000d677f7e0,0x00000000d6780000)
  from space 1536K, 32% used [0x00000000d6780000,0x00000000d67fe1c8,0x00000000d6900000)
  to   space 1024K, 0% used [0x00000000d6900000,0x00000000d6900000,0x00000000d6a00000)
 ParOldGen       total 68608K, used 44652K [0x0000000080000000, 0x0000000084300000, 0x00000000d5580000)
  object space 68608K, 65% used [0x0000000080000000,0x0000000082b9b010,0x0000000084300000)
 Metaspace       used 64438K, committed 65792K, reserved 1114112K
  class space    used 6980K, committed 7552K, reserved 1048576K
}
Event: 22.061 GC heap after
{Heap after GC invocations=39 (full 3):
 PSYoungGen      total 18432K, used 1008K [0x00000000d5580000, 0x00000000d6c80000, 0x0000000100000000)
  eden space 17408K, 0% used [0x00000000d5580000,0x00000000d5580000,0x00000000d6680000)
  from space 1024K, 98% used [0x00000000d6900000,0x00000000d69fc010,0x00000000d6a00000)
  to   space 2560K, 0% used [0x00000000d6680000,0x00000000d6680000,0x00000000d6900000)
 ParOldGen       total 68608K, used 45567K [0x0000000080000000, 0x0000000084300000, 0x00000000d5580000)
  object space 68608K, 66% used [0x0000000080000000,0x0000000082c7ff80,0x0000000084300000)
 Metaspace       used 64438K, committed 65792K, reserved 1114112K
  class space    used 6980K, committed 7552K, reserved 1048576K
}

