# JRE version: OpenJDK Runtime Environment Temurin-21.0.10+7 (21.0.10+7) (build 21.0.10+7-LTS)
# Java VM: OpenJDK 64-Bit Server VM Temurin-21.0.10+7 (21.0.10+7-LTS, mixed mode, sharing, tiered, compressed oops, compressed class ptrs, parallel gc, windows-amd64)
GC Precious Log:
 CardTable entry size: 512
 CPUs: 4 total, 4 available
 Memory: 12067M
 Large Page Support: Disabled
 NUMA Support: Disabled
 Compressed Oops: Enabled (32-bit)
 Alignments: Space 512K, Generation 512K, Heap 2M
 Heap Min Capacity: 100M
 Heap Initial Capacity: 100M
 Heap Max Capacity: 2G
 Pre-touch: Disabled
 Parallel Workers: 4
Heap:
 PSYoungGen      total 20992K, used 11951K [0x00000000d5580000, 0x00000000d6c00000, 0x0000000100000000)
  eden space 19968K, 55% used [0x00000000d5580000,0x00000000d605bf90,0x00000000d6900000)
  from space 1024K, 81% used [0x00000000d6b00000,0x00000000d6bd0040,0x00000000d6c00000)
  to   space 1024K, 0% used [0x00000000d6a00000,0x00000000d6a00000,0x00000000d6b00000)
 ParOldGen       total 68608K, used 34402K [0x0000000080000000, 0x0000000084300000, 0x00000000d5580000)
  object space 68608K, 50% used [0x0000000080000000,0x0000000082198ad0,0x0000000084300000)
 Metaspace       used 44628K, committed 45568K, reserved 1114112K
  class space    used 4504K, committed 4928K, reserved 1048576K
GC Heap History (20 events):
Event: 22.812 GC heap before
{Heap before GC invocations=17 (full 2):
 PSYoungGen      total 22528K, used 22528K [0x00000000d5580000, 0x00000000d7400000, 0x0000000100000000)
  eden space 22016K, 100% used [0x00000000d5580000,0x00000000d6b00000,0x00000000d6b00000)
  from space 512K, 100% used [0x00000000d7000000,0x00000000d7080000,0x00000000d7080000)
  to   space 4608K, 0% used [0x00000000d6b00000,0x00000000d6b00000,0x00000000d6f80000)
 ParOldGen       total 68608K, used 20127K [0x0000000080000000, 0x0000000084300000, 0x00000000d5580000)
  object space 68608K, 29% used [0x0000000080000000,0x00000000813a7f30,0x0000000084300000)
 Metaspace       used 36518K, committed 37504K, reserved 1114112K
  class space    used 3757K, committed 4224K, reserved 1048576K
}
Event: 22.815 GC heap after
{Heap after GC invocations=17 (full 2):
 PSYoungGen      total 24064K, used 1553K [0x00000000d5580000, 0x00000000d7080000, 0x0000000100000000)
  eden space 22016K, 0% used [0x00000000d5580000,0x00000000d5580000,0x00000000d6b00000)
  from space 2048K, 75% used [0x00000000d6b00000,0x00000000d6c84430,0x00000000d6d00000)
  to   space 2560K, 0% used [0x00000000d6e00000,0x00000000d6e00000,0x00000000d7080000)
 ParOldGen       total 68608K, used 20663K [0x0000000080000000, 0x0000000084300000, 0x00000000d5580000)
  object space 68608K, 30% used [0x0000000080000000,0x000000008142df30,0x0000000084300000)
 Metaspace       used 36518K, committed 37504K, reserved 1114112K
  class space    used 3757K, committed 4224K, reserved 1048576K
}
Event: 23.475 GC heap before
{Heap before GC invocations=18 (full 2):
 PSYoungGen      total 24064K, used 23569K [0x00000000d5580000, 0x00000000d7080000, 0x0000000100000000)
  eden space 22016K, 100% used [0x00000000d5580000,0x00000000d6b00000,0x00000000d6b00000)
  from space 2048K, 75% used [0x00000000d6b00000,0x00000000d6c84430,0x00000000d6d00000)
  to   space 2560K, 0% used [0x00000000d6e00000,0x00000000d6e00000,0x00000000d7080000)
 ParOldGen       total 68608K, used 20663K [0x0000000080000000, 0x0000000084300000, 0x00000000d5580000)
  object space 68608K, 30% used [0x0000000080000000,0x000000008142df30,0x0000000084300000)
 Metaspace       used 37043K, committed 37952K, reserved 1114112K
  class space    used 3806K, committed 4224K, reserved 1048576K
}
Event: 23.479 GC heap after
{Heap after GC invocations=18 (full 2):
 PSYoungGen      total 24576K, used 2245K [0x00000000d5580000, 0x00000000d7080000, 0x0000000100000000)
  eden space 22016K, 0% used [0x00000000d5580000,0x00000000d5580000,0x00000000d6b00000)
  from space 2560K, 87% used [0x00000000d6e00000,0x00000000d7031460,0x00000000d7080000)
  to   space 2560K, 0% used [0x00000000d6b80000,0x00000000d6b80000,0x00000000d6e00000)
 ParOldGen       total 68608K, used 22093K [0x0000000080000000, 0x0000000084300000, 0x00000000d5580000)
  object space 68608K, 32% used [0x0000000080000000,0x00000000815935b0,0x0000000084300000)
 Metaspace       used 37043K, committed 37952K, reserved 1114112K
  class space    used 3806K, committed 4224K, reserved 1048576K
}
Event: 23.862 GC heap before
{Heap before GC invocations=19 (full 2):
 PSYoungGen      total 24576K, used 24261K [0x00000000d5580000, 0x00000000d7080000, 0x0000000100000000)
  eden space 22016K, 100% used [0x00000000d5580000,0x00000000d6b00000,0x00000000d6b00000)
  from space 2560K, 87% used [0x00000000d6e00000,0x00000000d7031460,0x00000000d7080000)
  to   space 2560K, 0% used [0x00000000d6b80000,0x00000000d6b80000,0x00000000d6e00000)
 ParOldGen       total 68608K, used 22093K [0x0000000080000000, 0x0000000084300000, 0x00000000d5580000)
  object space 68608K, 32% used [0x0000000080000000,0x00000000815935b0,0x0000000084300000)
 Metaspace       used 37212K, committed 38144K, reserved 1114112K
  class space    used 3832K, committed 4288K, reserved 1048576K
}
Event: 23.873 GC heap after
{Heap after GC invocations=19 (full 2):
 PSYoungGen      total 24576K, used 2148K [0x00000000d5580000, 0x00000000d7000000, 0x0000000100000000)
  eden space 22016K, 0% used [0x00000000d5580000,0x00000000d5580000,0x00000000d6b00000)
  from space 2560K, 83% used [0x00000000d6b80000,0x00000000d6d99000,0x00000000d6e00000)
  to   space 2048K, 0% used [0x00000000d6e00000,0x00000000d6e00000,0x00000000d7000000)
 ParOldGen       total 68608K, used 24139K [0x0000000080000000, 0x0000000084300000, 0x00000000d5580000)
  object space 68608K, 35% used [0x0000000080000000,0x0000000081792f70,0x0000000084300000)
 Metaspace       used 37212K, committed 38144K, reserved 1114112K
  class space    used 3832K, committed 4288K, reserved 1048576K
}
Event: 24.660 GC heap before
{Heap before GC invocations=20 (full 2):
 PSYoungGen      total 24576K, used 24164K [0x00000000d5580000, 0x00000000d7000000, 0x0000000100000000)
  eden space 22016K, 100% used [0x00000000d5580000,0x00000000d6b00000,0x00000000d6b00000)
  from space 2560K, 83% used [0x00000000d6b80000,0x00000000d6d99000,0x00000000d6e00000)
  to   space 2048K, 0% used [0x00000000d6e00000,0x00000000d6e00000,0x00000000d7000000)
 ParOldGen       total 68608K, used 24139K [0x0000000080000000, 0x0000000084300000, 0x00000000d5580000)
  object space 68608K, 35% used [0x0000000080000000,0x0000000081792f70,0x0000000084300000)
 Metaspace       used 37234K, committed 38208K, reserved 1114112K
  class space    used 3832K, committed 4288K, reserved 1048576K
}
Event: 24.666 GC heap after
{Heap after GC invocations=20 (full 2):
 PSYoungGen      total 22016K, used 2016K [0x00000000d5580000, 0x00000000d7500000, 0x0000000100000000)
  eden space 19968K, 0% used [0x00000000d5580000,0x00000000d5580000,0x00000000d6900000)
  from space 2048K, 98% used [0x00000000d6e00000,0x00000000d6ff8010,0x00000000d7000000)
  to   space 5120K, 0% used [0x00000000d6900000,0x00000000d6900000,0x00000000d6e00000)
 ParOldGen       total 68608K, used 26500K [0x0000000080000000, 0x0000000084300000, 0x00000000d5580000)
  object space 68608K, 38% used [0x0000000080000000,0x00000000819e1070,0x0000000084300000)
 Metaspace       used 37234K, committed 38208K, reserved 1114112K
  class space    used 3832K, committed 4288K, reserved 1048576K
}
Event: 24.968 GC heap before
{Heap before GC invocations=21 (full 2):
 PSYoungGen      total 22016K, used 21984K [0x00000000d5580000, 0x00000000d7500000, 0x0000000100000000)
  eden space 19968K, 100% used [0x00000000d5580000,0x00000000d6900000,0x00000000d6900000)
  from space 2048K, 98% used [0x00000000d6e00000,0x00000000d6ff8010,0x00000000d7000000)
  to   space 5120K, 0% used [0x00000000d6900000,0x00000000d6900000,0x00000000d6e00000)
 ParOldGen       total 68608K, used 26500K [0x0000000080000000, 0x0000000084300000, 0x00000000d5580000)
  object space 68608K, 38% used [0x0000000080000000,0x00000000819e1070,0x0000000084300000)
 Metaspace       used 37252K, committed 38208K, reserved 1114112K
  class space    used 3832K, committed 4288K, reserved 1048576K
}
Event: 24.975 GC heap after
{Heap after GC invocations=21 (full 2):
 PSYoungGen      total 22016K, used 1900K [0x00000000d5580000, 0x00000000d6f00000, 0x0000000100000000)
  eden space 19968K, 0% used [0x00000000d5580000,0x00000000d5580000,0x00000000d6900000)
  from space 2048K, 92% used [0x00000000d6900000,0x00000000d6adb320,0x00000000d6b00000)
  to   space 3072K, 0% used [0x00000000d6c00000,0x00000000d6c00000,0x00000000d6f00000)
 ParOldGen       total 68608K, used 28532K [0x0000000080000000, 0x0000000084300000, 0x00000000d5580000)
  object space 68608K, 41% used [0x0000000080000000,0x0000000081bdd080,0x0000000084300000)
 Metaspace       used 37252K, committed 38208K, reserved 1114112K
  class space    used 3832K, committed 4288K, reserved 1048576K
}
Event: 25.377 GC heap before
{Heap before GC invocations=22 (full 2):
 PSYoungGen      total 22016K, used 21868K [0x00000000d5580000, 0x00000000d6f00000, 0x0000000100000000)
  eden space 19968K, 100% used [0x00000000d5580000,0x00000000d6900000,0x00000000d6900000)
  from space 2048K, 92% used [0x00000000d6900000,0x00000000d6adb320,0x00000000d6b00000)
  to   space 3072K, 0% used [0x00000000d6c00000,0x00000000d6c00000,0x00000000d6f00000)
 ParOldGen       total 68608K, used 28532K [0x0000000080000000, 0x0000000084300000, 0x00000000d5580000)
  object space 68608K, 41% used [0x0000000080000000,0x0000000081bdd080,0x0000000084300000)
 Metaspace       used 37742K, committed 38784K, reserved 1114112K
  class space    used 3872K, committed 4352K, reserved 1048576K
}
Event: 25.386 GC heap after
{Heap after GC invocations=22 (full 2):
 PSYoungGen      total 22528K, used 2140K [0x00000000d5580000, 0x00000000d6e80000, 0x0000000100000000)
  eden space 19968K, 0% used [0x00000000d5580000,0x00000000d5580000,0x00000000d6900000)
  from space 2560K, 83% used [0x00000000d6c00000,0x00000000d6e17120,0x00000000d6e80000)
  to   space 2560K, 0% used [0x00000000d6980000,0x00000000d6980000,0x00000000d6c00000)
 ParOldGen       total 68608K, used 30380K [0x0000000080000000, 0x0000000084300000, 0x00000000d5580000)
  object space 68608K, 44% used [0x0000000080000000,0x0000000081dab280,0x0000000084300000)
 Metaspace       used 37742K, committed 38784K, reserved 1114112K
  class space    used 3872K, committed 4352K, reserved 1048576K
}
Event: 26.957 GC heap before
{Heap before GC invocations=23 (full 2):
 PSYoungGen      total 22528K, used 21984K [0x00000000d5580000, 0x00000000d6e80000, 0x0000000100000000)
  eden space 19968K, 99% used [0x00000000d5580000,0x00000000d68e1050,0x00000000d6900000)
  from space 2560K, 83% used [0x00000000d6c00000,0x00000000d6e17120,0x00000000d6e80000)
  to   space 2560K, 0% used [0x00000000d6980000,0x00000000d6980000,0x00000000d6c00000)
 ParOldGen       total 68608K, used 30380K [0x0000000080000000, 0x0000000084300000, 0x00000000d5580000)
  object space 68608K, 44% used [0x0000000080000000,0x0000000081dab280,0x0000000084300000)
 Metaspace       used 40535K, committed 41536K, reserved 1114112K
  class space    used 4148K, committed 4608K, reserved 1048576K
}
Event: 26.964 GC heap after
{Heap after GC invocations=23 (full 2):
 PSYoungGen      total 22016K, used 1878K [0x00000000d5580000, 0x00000000d6d00000, 0x0000000100000000)
  eden space 19968K, 0% used [0x00000000d5580000,0x00000000d5580000,0x00000000d6900000)
  from space 2048K, 91% used [0x00000000d6980000,0x00000000d6b55950,0x00000000d6b80000)
  to   space 1536K, 0% used [0x00000000d6b80000,0x00000000d6b80000,0x00000000d6d00000)
 ParOldGen       total 68608K, used 32453K [0x0000000080000000, 0x0000000084300000, 0x00000000d5580000)
  object space 68608K, 47% used [0x0000000080000000,0x0000000081fb16f8,0x0000000084300000)
 Metaspace       used 40535K, committed 41536K, reserved 1114112K
  class space    used 4148K, committed 4608K, reserved 1048576K
}
Event: 27.915 GC heap before
{Heap before GC invocations=24 (full 2):
 PSYoungGen      total 22016K, used 21846K [0x00000000d5580000, 0x00000000d6d00000, 0x0000000100000000)
  eden space 19968K, 100% used [0x00000000d5580000,0x00000000d6900000,0x00000000d6900000)
  from space 2048K, 91% used [0x00000000d6980000,0x00000000d6b55950,0x00000000d6b80000)
  to   space 1536K, 0% used [0x00000000d6b80000,0x00000000d6b80000,0x00000000d6d00000)
 ParOldGen       total 68608K, used 32453K [0x0000000080000000, 0x0000000084300000, 0x00000000d5580000)
  object space 68608K, 47% used [0x0000000080000000,0x0000000081fb16f8,0x0000000084300000)
 Metaspace       used 40796K, committed 41792K, reserved 1114112K
  class space    used 4161K, committed 4608K, reserved 1048576K
}
Event: 27.918 GC heap after
{Heap after GC invocations=24 (full 2):
 PSYoungGen      total 21504K, used 1352K [0x00000000d5580000, 0x00000000d6d00000, 0x0000000100000000)
  eden space 19968K, 0% used [0x00000000d5580000,0x00000000d5580000,0x00000000d6900000)
  from space 1536K, 88% used [0x00000000d6b80000,0x00000000d6cd21e0,0x00000000d6d00000)
  to   space 2048K, 0% used [0x00000000d6900000,0x00000000d6900000,0x00000000d6b00000)
 ParOldGen       total 68608K, used 34244K [0x0000000080000000, 0x0000000084300000, 0x00000000d5580000)
  object space 68608K, 49% used [0x0000000080000000,0x0000000082171090,0x0000000084300000)
 Metaspace       used 40796K, committed 41792K, reserved 1114112K
  class space    used 4161K, committed 4608K, reserved 1048576K
}
Event: 28.653 GC heap before
{Heap before GC invocations=25 (full 2):
 PSYoungGen      total 21504K, used 21320K [0x00000000d5580000, 0x00000000d6d00000, 0x0000000100000000)
  eden space 19968K, 100% used [0x00000000d5580000,0x00000000d6900000,0x00000000d6900000)
  from space 1536K, 88% used [0x00000000d6b80000,0x00000000d6cd21e0,0x00000000d6d00000)
  to   space 2048K, 0% used [0x00000000d6900000,0x00000000d6900000,0x00000000d6b00000)
 ParOldGen       total 68608K, used 34244K [0x0000000080000000, 0x0000000084300000, 0x00000000d5580000)
  object space 68608K, 49% used [0x0000000080000000,0x0000000082171090,0x0000000084300000)
 Metaspace       used 41185K, committed 42112K, reserved 1114112K
  class space    used 4188K, committed 4608K, reserved 1048576K
}
Event: 28.654 GC heap after
{Heap after GC invocations=25 (full 2):
 PSYoungGen      total 22016K, used 96K [0x00000000d5580000, 0x00000000d6c00000, 0x0000000100000000)
  eden space 19968K, 0% used [0x00000000d5580000,0x00000000d5580000,0x00000000d6900000)
  from space 2048K, 4% used [0x00000000d6900000,0x00000000d6918000,0x00000000d6b00000)
  to   space 1024K, 0% used [0x00000000d6b00000,0x00000000d6b00000,0x00000000d6c00000)
 ParOldGen       total 68608K, used 34338K [0x0000000080000000, 0x0000000084300000, 0x00000000d5580000)
  object space 68608K, 50% used [0x0000000080000000,0x0000000082188ad0,0x0000000084300000)
 Metaspace       used 41185K, committed 42112K, reserved 1114112K
  class space    used 4188K, committed 4608K, reserved 1048576K
}
Event: 32.472 GC heap before
{Heap before GC invocations=26 (full 2):
 PSYoungGen      total 22016K, used 20064K [0x00000000d5580000, 0x00000000d6c00000, 0x0000000100000000)
  eden space 19968K, 100% used [0x00000000d5580000,0x00000000d6900000,0x00000000d6900000)
  from space 2048K, 4% used [0x00000000d6900000,0x00000000d6918000,0x00000000d6b00000)
  to   space 1024K, 0% used [0x00000000d6b00000,0x00000000d6b00000,0x00000000d6c00000)
 ParOldGen       total 68608K, used 34338K [0x0000000080000000, 0x0000000084300000, 0x00000000d5580000)
  object space 68608K, 50% used [0x0000000080000000,0x0000000082188ad0,0x0000000084300000)
 Metaspace       used 43793K, committed 44800K, reserved 1114112K
  class space    used 4448K, committed 4864K, reserved 1048576K
}
Event: 32.477 GC heap after
{Heap after GC invocations=26 (full 2):
 PSYoungGen      total 20992K, used 832K [0x00000000d5580000, 0x00000000d6c00000, 0x0000000100000000)
  eden space 19968K, 0% used [0x00000000d5580000,0x00000000d5580000,0x00000000d6900000)
  from space 1024K, 81% used [0x00000000d6b00000,0x00000000d6bd0040,0x00000000d6c00000)
  to   space 1024K, 0% used [0x00000000d6a00000,0x00000000d6a00000,0x00000000d6b00000)
 ParOldGen       total 68608K, used 34402K [0x0000000080000000, 0x0000000084300000, 0x00000000d5580000)
  object space 68608K, 50% used [0x0000000080000000,0x0000000082198ad0,0x0000000084300000)
 Metaspace       used 43793K, committed 44800K, reserved 1114112K
  class space    used 4448K, committed 4864K, reserved 1048576K
}

