# JRE version: OpenJDK Runtime Environment Temurin-21.0.10+7 (21.0.10+7) (build 21.0.10+7-LTS)
# Java VM: OpenJDK 64-Bit Server VM Temurin-21.0.10+7 (21.0.10+7-LTS, mixed mode, sharing, tiered, compressed oops, compressed class ptrs, parallel gc, windows-amd64)
GC Precious Log:
 CardTable entry size: 512
 CPUs: 4 total, 4 available
 Memory: 12067M
 Large Page Support: Disabled
 NUMA Support: Disabled
 Compressed Oops: Enabled (32-bit)
 Alignments: Space 512K, Generation 512K, Heap 2M
 Heap Min Capacity: 100M
 Heap Initial Capacity: 100M
 Heap Max Capacity: 2G
 Pre-touch: Disabled
 Parallel Workers: 4
Heap:
 PSYoungGen      total 6656K, used 6656K [0x00000000d5580000, 0x00000000d5e00000, 0x0000000100000000)
  eden space 4608K, 100% used [0x00000000d5580000,0x00000000d5a00000,0x00000000d5a00000)
  from space 2048K, 100% used [0x00000000d5a00000,0x00000000d5c00000,0x00000000d5c00000)
  to   space 2048K, 100% used [0x00000000d5c00000,0x00000000d5e00000,0x00000000d5e00000)
 ParOldGen       total 477184K, used 477183K [0x0000000080000000, 0x000000009d200000, 0x00000000d5580000)
  object space 477184K, 99% used [0x0000000080000000,0x000000009d1ffd48,0x000000009d200000)
 Metaspace       used 66313K, committed 67776K, reserved 1114112K
  class space    used 7028K, committed 7616K, reserved 1048576K
GC Heap History (20 events):
Event: 67.917 GC heap after
{Heap after GC invocations=289 (full 3):
 PSYoungGen      total 7168K, used 2592K [0x00000000d5580000, 0x00000000d6080000, 0x0000000100000000)
  eden space 4096K, 0% used [0x00000000d5580000,0x00000000d5580000,0x00000000d5980000)
  from space 3072K, 84% used [0x00000000d5d80000,0x00000000d6008170,0x00000000d6080000)
  to   space 3584K, 0% used [0x00000000d5980000,0x00000000d5980000,0x00000000d5d00000)
 ParOldGen       total 411136K, used 411057K [0x0000000080000000, 0x0000000099180000, 0x00000000d5580000)
  object space 411136K, 99% used [0x0000000080000000,0x000000009916c470,0x0000000099180000)
 Metaspace       used 65425K, committed 66816K, reserved 1114112K
  class space    used 6936K, committed 7488K, reserved 1048576K
}
Event: 67.937 GC heap before
{Heap before GC invocations=290 (full 3):
 PSYoungGen      total 7168K, used 6688K [0x00000000d5580000, 0x00000000d6080000, 0x0000000100000000)
  eden space 4096K, 100% used [0x00000000d5580000,0x00000000d5980000,0x00000000d5980000)
  from space 3072K, 84% used [0x00000000d5d80000,0x00000000d6008170,0x00000000d6080000)
  to   space 3584K, 0% used [0x00000000d5980000,0x00000000d5980000,0x00000000d5d00000)
 ParOldGen       total 411136K, used 411057K [0x0000000080000000, 0x0000000099180000, 0x00000000d5580000)
  object space 411136K, 99% used [0x0000000080000000,0x000000009916c470,0x0000000099180000)
 Metaspace       used 65425K, committed 66816K, reserved 1114112K
  class space    used 6936K, committed 7488K, reserved 1048576K
}
Event: 67.942 GC heap after
{Heap after GC invocations=290 (full 3):
 PSYoungGen      total 7680K, used 3563K [0x00000000d5580000, 0x00000000d6480000, 0x0000000100000000)
  eden space 4096K, 0% used [0x00000000d5580000,0x00000000d5580000,0x00000000d5980000)
  from space 3584K, 99% used [0x00000000d5980000,0x00000000d5cfaec8,0x00000000d5d00000)
  to   space 5120K, 0% used [0x00000000d5f80000,0x00000000d5f80000,0x00000000d6480000)
 ParOldGen       total 412160K, used 412147K [0x0000000080000000, 0x0000000099280000, 0x00000000d5580000)
  object space 412160K, 99% used [0x0000000080000000,0x000000009927cc28,0x0000000099280000)
 Metaspace       used 65425K, committed 66816K, reserved 1114112K
  class space    used 6936K, committed 7488K, reserved 1048576K
}
Event: 68.014 GC heap before
{Heap before GC invocations=291 (full 3):
 PSYoungGen      total 7680K, used 7524K [0x00000000d5580000, 0x00000000d6480000, 0x0000000100000000)
  eden space 4096K, 96% used [0x00000000d5580000,0x00000000d595e328,0x00000000d5980000)
  from space 3584K, 99% used [0x00000000d5980000,0x00000000d5cfaec8,0x00000000d5d00000)
  to   space 5120K, 0% used [0x00000000d5f80000,0x00000000d5f80000,0x00000000d6480000)
 ParOldGen       total 412160K, used 412147K [0x0000000080000000, 0x0000000099280000, 0x00000000d5580000)
  object space 412160K, 99% used [0x0000000080000000,0x000000009927cc28,0x0000000099280000)
 Metaspace       used 65437K, committed 66816K, reserved 1114112K
  class space    used 6937K, committed 7488K, reserved 1048576K
}
Event: 68.020 GC heap after
{Heap after GC invocations=291 (full 3):
 PSYoungGen      total 7168K, used 1797K [0x00000000d5580000, 0x00000000d6180000, 0x0000000100000000)
  eden space 5120K, 0% used [0x00000000d5580000,0x00000000d5580000,0x00000000d5a80000)
  from space 2048K, 87% used [0x00000000d5f80000,0x00000000d61417d0,0x00000000d6180000)
  to   space 3072K, 0% used [0x00000000d5b80000,0x00000000d5b80000,0x00000000d5e80000)
 ParOldGen       total 415744K, used 415437K [0x0000000080000000, 0x0000000099600000, 0x00000000d5580000)
  object space 415744K, 99% used [0x0000000080000000,0x00000000995b37e8,0x0000000099600000)
 Metaspace       used 65437K, committed 66816K, reserved 1114112K
  class space    used 6937K, committed 7488K, reserved 1048576K
}
Event: 68.272 GC heap before
{Heap before GC invocations=292 (full 3):
 PSYoungGen      total 7168K, used 6917K [0x00000000d5580000, 0x00000000d6180000, 0x0000000100000000)
  eden space 5120K, 100% used [0x00000000d5580000,0x00000000d5a80000,0x00000000d5a80000)
  from space 2048K, 87% used [0x00000000d5f80000,0x00000000d61417d0,0x00000000d6180000)
  to   space 3072K, 0% used [0x00000000d5b80000,0x00000000d5b80000,0x00000000d5e80000)
 ParOldGen       total 415744K, used 415437K [0x0000000080000000, 0x0000000099600000, 0x00000000d5580000)
  object space 415744K, 99% used [0x0000000080000000,0x00000000995b37e8,0x0000000099600000)
 Metaspace       used 65631K, committed 67072K, reserved 1114112K
  class space    used 6966K, committed 7552K, reserved 1048576K
}
Event: 68.281 GC heap after
{Heap after GC invocations=292 (full 3):
 PSYoungGen      total 7680K, used 2129K [0x00000000d5580000, 0x00000000d6000000, 0x0000000100000000)
  eden space 5120K, 0% used [0x00000000d5580000,0x00000000d5580000,0x00000000d5a80000)
  from space 2560K, 83% used [0x00000000d5b80000,0x00000000d5d94620,0x00000000d5e00000)
  to   space 2048K, 0% used [0x00000000d5e00000,0x00000000d5e00000,0x00000000d6000000)
 ParOldGen       total 417280K, used 416946K [0x0000000080000000, 0x0000000099780000, 0x00000000d5580000)
  object space 417280K, 99% used [0x0000000080000000,0x000000009972c898,0x0000000099780000)
 Metaspace       used 65631K, committed 67072K, reserved 1114112K
  class space    used 6966K, committed 7552K, reserved 1048576K
}
Event: 68.953 GC heap before
{Heap before GC invocations=293 (full 3):
 PSYoungGen      total 7680K, used 7249K [0x00000000d5580000, 0x00000000d6000000, 0x0000000100000000)
  eden space 5120K, 99% used [0x00000000d5580000,0x00000000d5a7ffc0,0x00000000d5a80000)
  from space 2560K, 83% used [0x00000000d5b80000,0x00000000d5d94620,0x00000000d5e00000)
  to   space 2048K, 0% used [0x00000000d5e00000,0x00000000d5e00000,0x00000000d6000000)
 ParOldGen       total 417280K, used 416946K [0x0000000080000000, 0x0000000099780000, 0x00000000d5580000)
  object space 417280K, 99% used [0x0000000080000000,0x000000009972c898,0x0000000099780000)
 Metaspace       used 65824K, committed 67200K, reserved 1114112K
  class space    used 6989K, committed 7552K, reserved 1048576K
}
Event: 68.960 GC heap after
{Heap after GC invocations=293 (full 3):
 PSYoungGen      total 7168K, used 1641K [0x00000000d5580000, 0x00000000d6000000, 0x0000000100000000)
  eden space 5120K, 0% used [0x00000000d5580000,0x00000000d5580000,0x00000000d5a80000)
  from space 2048K, 80% used [0x00000000d5e00000,0x00000000d5f9a7a0,0x00000000d6000000)
  to   space 2048K, 0% used [0x00000000d5c00000,0x00000000d5c00000,0x00000000d5e00000)
 ParOldGen       total 420352K, used 420290K [0x0000000080000000, 0x0000000099a80000, 0x00000000d5580000)
  object space 420352K, 99% used [0x0000000080000000,0x0000000099a70968,0x0000000099a80000)
 Metaspace       used 65824K, committed 67200K, reserved 1114112K
  class space    used 6989K, committed 7552K, reserved 1048576K
}
Event: 69.046 GC heap before
{Heap before GC invocations=294 (full 3):
 PSYoungGen      total 7168K, used 6761K [0x00000000d5580000, 0x00000000d6000000, 0x0000000100000000)
  eden space 5120K, 100% used [0x00000000d5580000,0x00000000d5a80000,0x00000000d5a80000)
  from space 2048K, 80% used [0x00000000d5e00000,0x00000000d5f9a7a0,0x00000000d6000000)
  to   space 2048K, 0% used [0x00000000d5c00000,0x00000000d5c00000,0x00000000d5e00000)
 ParOldGen       total 432128K, used 431780K [0x0000000080000000, 0x000000009a600000, 0x00000000d5580000)
  object space 432128K, 99% used [0x0000000080000000,0x000000009a5a91a8,0x000000009a600000)
 Metaspace       used 65868K, committed 67200K, reserved 1114112K
  class space    used 6993K, committed 7552K, reserved 1048576K
}
Event: 69.050 GC heap after
{Heap after GC invocations=294 (full 3):
 PSYoungGen      total 5632K, used 387K [0x00000000d5580000, 0x00000000d5e80000, 0x0000000100000000)
  eden space 5120K, 0% used [0x00000000d5580000,0x00000000d5580000,0x00000000d5a80000)
  from space 512K, 75% used [0x00000000d5c00000,0x00000000d5c60df8,0x00000000d5c80000)
  to   space 1024K, 0% used [0x00000000d5d80000,0x00000000d5d80000,0x00000000d5e80000)
 ParOldGen       total 432128K, used 432028K [0x0000000080000000, 0x000000009a600000, 0x00000000d5580000)
  object space 432128K, 99% used [0x0000000080000000,0x000000009a5e7110,0x000000009a600000)
 Metaspace       used 65868K, committed 67200K, reserved 1114112K
  class space    used 6993K, committed 7552K, reserved 1048576K
}
Event: 69.255 GC heap before
{Heap before GC invocations=295 (full 3):
 PSYoungGen      total 5632K, used 5507K [0x00000000d5580000, 0x00000000d5e80000, 0x0000000100000000)
  eden space 5120K, 100% used [0x00000000d5580000,0x00000000d5a80000,0x00000000d5a80000)
  from space 512K, 75% used [0x00000000d5c00000,0x00000000d5c60df8,0x00000000d5c80000)
  to   space 1024K, 0% used [0x00000000d5d80000,0x00000000d5d80000,0x00000000d5e80000)
 ParOldGen       total 447488K, used 447356K [0x0000000080000000, 0x000000009b500000, 0x00000000d5580000)
  object space 447488K, 99% used [0x0000000080000000,0x000000009b4df3e8,0x000000009b500000)
 Metaspace       used 66027K, committed 67520K, reserved 1114112K
  class space    used 7003K, committed 7616K, reserved 1048576K
}
Event: 69.262 GC heap after
{Heap after GC invocations=295 (full 3):
 PSYoungGen      total 5632K, used 1023K [0x00000000d5580000, 0x00000000d6180000, 0x0000000100000000)
  eden space 4608K, 0% used [0x00000000d5580000,0x00000000d5580000,0x00000000d5a00000)
  from space 1024K, 99% used [0x00000000d5d80000,0x00000000d5e7ff40,0x00000000d5e80000)
  to   space 3584K, 0% used [0x00000000d5a00000,0x00000000d5a00000,0x00000000d5d80000)
 ParOldGen       total 449536K, used 449436K [0x0000000080000000, 0x000000009b700000, 0x00000000d5580000)
  object space 449536K, 99% used [0x0000000080000000,0x000000009b6e7170,0x000000009b700000)
 Metaspace       used 66027K, committed 67520K, reserved 1114112K
  class space    used 7003K, committed 7616K, reserved 1048576K
}
Event: 69.426 GC heap before
{Heap before GC invocations=296 (full 3):
 PSYoungGen      total 5632K, used 5631K [0x00000000d5580000, 0x00000000d6180000, 0x0000000100000000)
  eden space 4608K, 100% used [0x00000000d5580000,0x00000000d5a00000,0x00000000d5a00000)
  from space 1024K, 99% used [0x00000000d5d80000,0x00000000d5e7ff40,0x00000000d5e80000)
  to   space 3584K, 0% used [0x00000000d5a00000,0x00000000d5a00000,0x00000000d5d80000)
 ParOldGen       total 472064K, used 471455K [0x0000000080000000, 0x000000009cd00000, 0x00000000d5580000)
  object space 472064K, 99% used [0x0000000080000000,0x000000009cc67cb0,0x000000009cd00000)
 Metaspace       used 66222K, committed 67648K, reserved 1114112K
  class space    used 7024K, committed 7616K, reserved 1048576K
}
Event: 69.431 GC heap after
{Heap after GC invocations=296 (full 3):
 PSYoungGen      total 6144K, used 1088K [0x00000000d5580000, 0x00000000d5e00000, 0x0000000100000000)
  eden space 4608K, 0% used [0x00000000d5580000,0x00000000d5580000,0x00000000d5a00000)
  from space 1536K, 70% used [0x00000000d5a00000,0x00000000d5b10000,0x00000000d5b80000)
  to   space 2048K, 0% used [0x00000000d5c00000,0x00000000d5c00000,0x00000000d5e00000)
 ParOldGen       total 472064K, used 471514K [0x0000000080000000, 0x000000009cd00000, 0x00000000d5580000)
  object space 472064K, 99% used [0x0000000080000000,0x000000009cc768b8,0x000000009cd00000)
 Metaspace       used 66222K, committed 67648K, reserved 1114112K
  class space    used 7024K, committed 7616K, reserved 1048576K
}
Event: 69.531 GC heap before
{Heap before GC invocations=297 (full 3):
 PSYoungGen      total 6144K, used 5696K [0x00000000d5580000, 0x00000000d5e00000, 0x0000000100000000)
  eden space 4608K, 100% used [0x00000000d5580000,0x00000000d5a00000,0x00000000d5a00000)
  from space 1536K, 70% used [0x00000000d5a00000,0x00000000d5b10000,0x00000000d5b80000)
  to   space 2048K, 0% used [0x00000000d5c00000,0x00000000d5c00000,0x00000000d5e00000)
 ParOldGen       total 472064K, used 471514K [0x0000000080000000, 0x000000009cd00000, 0x00000000d5580000)
  object space 472064K, 99% used [0x0000000080000000,0x000000009cc768b8,0x000000009cd00000)
 Metaspace       used 66286K, committed 67712K, reserved 1114112K
  class space    used 7028K, committed 7616K, reserved 1048576K
}
Event: 69.536 GC heap after
{Heap after GC invocations=297 (full 3):
 PSYoungGen      total 6656K, used 1824K [0x00000000d5580000, 0x00000000d5e00000, 0x0000000100000000)
  eden space 4608K, 0% used [0x00000000d5580000,0x00000000d5580000,0x00000000d5a00000)
  from space 2048K, 89% used [0x00000000d5c00000,0x00000000d5dc8000,0x00000000d5e00000)
  to   space 2048K, 0% used [0x00000000d5a00000,0x00000000d5a00000,0x00000000d5c00000)
 ParOldGen       total 472576K, used 472514K [0x0000000080000000, 0x000000009cd80000, 0x00000000d5580000)
  object space 472576K, 99% used [0x0000000080000000,0x000000009cd708b8,0x000000009cd80000)
 Metaspace       used 66286K, committed 67712K, reserved 1114112K
  class space    used 7028K, committed 7616K, reserved 1048576K
}
Event: 69.578 GC heap before
{Heap before GC invocations=298 (full 3):
 PSYoungGen      total 6656K, used 6432K [0x00000000d5580000, 0x00000000d5e00000, 0x0000000100000000)
  eden space 4608K, 100% used [0x00000000d5580000,0x00000000d5a00000,0x00000000d5a00000)
  from space 2048K, 89% used [0x00000000d5c00000,0x00000000d5dc8000,0x00000000d5e00000)
  to   space 2048K, 0% used [0x00000000d5a00000,0x00000000d5a00000,0x00000000d5c00000)
 ParOldGen       total 472576K, used 472514K [0x0000000080000000, 0x000000009cd80000, 0x00000000d5580000)
  object space 472576K, 99% used [0x0000000080000000,0x000000009cd708b8,0x000000009cd80000)
 Metaspace       used 66312K, committed 67776K, reserved 1114112K
  class space    used 7028K, committed 7616K, reserved 1048576K
}
Event: 69.809 GC heap after
{Heap after GC invocations=298 (full 3):
 PSYoungGen      total 6656K, used 2048K [0x00000000d5580000, 0x00000000d5e00000, 0x0000000100000000)
  eden space 4608K, 0% used [0x00000000d5580000,0x00000000d5580000,0x00000000d5a00000)
  from space 2048K, 100% used [0x00000000d5a00000,0x00000000d5c00000,0x00000000d5c00000)
  to   space 2048K, 0% used [0x00000000d5c00000,0x00000000d5c00000,0x00000000d5e00000)
 ParOldGen       total 475648K, used 475215K [0x0000000080000000, 0x000000009d080000, 0x00000000d5580000)
  object space 475648K, 99% used [0x0000000080000000,0x000000009d013d48,0x000000009d080000)
 Metaspace       used 66312K, committed 67776K, reserved 1114112K
  class space    used 7028K, committed 7616K, reserved 1048576K
}
Event: 69.885 GC heap before
{Heap before GC invocations=299 (full 3):
 PSYoungGen      total 6656K, used 6656K [0x00000000d5580000, 0x00000000d5e00000, 0x0000000100000000)
  eden space 4608K, 100% used [0x00000000d5580000,0x00000000d5a00000,0x00000000d5a00000)
  from space 2048K, 100% used [0x00000000d5a00000,0x00000000d5c00000,0x00000000d5c00000)
  to   space 2048K, 0% used [0x00000000d5c00000,0x00000000d5c00000,0x00000000d5e00000)
 ParOldGen       total 475648K, used 475215K [0x0000000080000000, 0x000000009d080000, 0x00000000d5580000)
  object space 475648K, 99% used [0x0000000080000000,0x000000009d013d48,0x000000009d080000)
 Metaspace       used 66313K, committed 67776K, reserved 1114112K
  class space    used 7028K, committed 7616K, reserved 1048576K
}

